# JRE version: OpenJDK Runtime Environment (21.0.6) (build 21.0.6+-13391695-b895.109)
# Java VM: OpenJDK 64-Bit Server VM (21.0.6+-13391695-b895.109, mixed mode, tiered, compressed oops, compressed class ptrs, g1 gc, windows-amd64)
GC Precious Log:
 CardTable entry size: 512
 Card Set container configuration: InlinePtr #cards 5 size 8 Array Of Cards #cards 12 size 40 Howl #buckets 4 coarsen threshold 1843 Howl Bitmap #cards 512 size 80 coarsen threshold 460 Card regions per heap region 1 cards per card region 2048
 CPUs: 8 total, 8 available
 Memory: 7973M
 Large Page Support: Disabled
 NUMA Support: Disabled
 Compressed Oops: Enabled (32-bit)
 Heap Region Size: 1M
 Heap Min Capacity: 8M
 Heap Initial Capacity: 126M
 Heap Max Capacity: 2G
 Pre-touch: Disabled
 Parallel Workers: 8
 Concurrent Workers: 2
 Concurrent Refinement Workers: 8
 Periodic GC: Disabled
Heap:
 garbage-first heap   total 235520K, used 159354K [0x0000000080000000, 0x0000000100000000)
  region size 1024K, 17 young (17408K), 9 survivors (9216K)
 Metaspace       used 147144K, committed 149568K, reserved 1179648K
  class space    used 18934K, committed 20160K, reserved 1048576K
GC Heap History (20 events):
Event: 33.859 GC heap before
{Heap before GC invocations=35 (full 0):
 garbage-first heap   total 174080K, used 158894K [0x0000000080000000, 0x0000000100000000)
  region size 1024K, 57 young (58368K), 5 survivors (5120K)
 Metaspace       used 92254K, committed 94272K, reserved 1179648K
  class space    used 12844K, committed 13824K, reserved 1048576K
}
Event: 33.864 GC heap after
{Heap after GC invocations=36 (full 0):
 garbage-first heap   total 174080K, used 107290K [0x0000000080000000, 0x0000000100000000)
  region size 1024K, 6 young (6144K), 6 survivors (6144K)
 Metaspace       used 92254K, committed 94272K, reserved 1179648K
  class space    used 12844K, committed 13824K, reserved 1048576K
}
Event: 34.703 GC heap before
{Heap before GC invocations=37 (full 0):
 garbage-first heap   total 179200K, used 165658K [0x0000000080000000, 0x0000000100000000)
  region size 1024K, 55 young (56320K), 6 survivors (6144K)
 Metaspace       used 95051K, committed 97088K, reserved 1179648K
  class space    used 13161K, committed 14144K, reserved 1048576K
}
Event: 34.721 GC heap after
{Heap after GC invocations=38 (full 0):
 garbage-first heap   total 183296K, used 126565K [0x0000000080000000, 0x0000000100000000)
  region size 1024K, 7 young (7168K), 7 survivors (7168K)
 Metaspace       used 95051K, committed 97088K, reserved 1179648K
  class space    used 13161K, committed 14144K, reserved 1048576K
}
Event: 35.540 GC heap before
{Heap before GC invocations=38 (full 0):
 garbage-first heap   total 183296K, used 172645K [0x0000000080000000, 0x0000000100000000)
  region size 1024K, 45 young (46080K), 7 survivors (7168K)
 Metaspace       used 99293K, committed 101248K, reserved 1179648K
  class space    used 13643K, committed 14592K, reserved 1048576K
}
Event: 35.553 GC heap after
{Heap after GC invocations=39 (full 0):
 garbage-first heap   total 186368K, used 129306K [0x0000000080000000, 0x0000000100000000)
  region size 1024K, 4 young (4096K), 4 survivors (4096K)
 Metaspace       used 99293K, committed 101248K, reserved 1179648K
  class space    used 13643K, committed 14592K, reserved 1048576K
}
Event: 36.257 GC heap before
{Heap before GC invocations=39 (full 0):
 garbage-first heap   total 186368K, used 170266K [0x0000000080000000, 0x0000000100000000)
  region size 1024K, 44 young (45056K), 4 survivors (4096K)
 Metaspace       used 103921K, committed 105856K, reserved 1179648K
  class space    used 14060K, committed 15040K, reserved 1048576K
}
Event: 36.262 GC heap after
{Heap after GC invocations=40 (full 0):
 garbage-first heap   total 186368K, used 132682K [0x0000000080000000, 0x0000000100000000)
  region size 1024K, 3 young (3072K), 3 survivors (3072K)
 Metaspace       used 103921K, committed 105856K, reserved 1179648K
  class space    used 14060K, committed 15040K, reserved 1048576K
}
Event: 37.375 GC heap before
{Heap before GC invocations=41 (full 0):
 garbage-first heap   total 220160K, used 169546K [0x0000000080000000, 0x0000000100000000)
  region size 1024K, 40 young (40960K), 3 survivors (3072K)
 Metaspace       used 108538K, committed 110848K, reserved 1179648K
  class space    used 14641K, committed 15808K, reserved 1048576K
}
Event: 37.380 GC heap after
{Heap after GC invocations=42 (full 0):
 garbage-first heap   total 220160K, used 133998K [0x0000000080000000, 0x0000000100000000)
  region size 1024K, 3 young (3072K), 3 survivors (3072K)
 Metaspace       used 108538K, committed 110848K, reserved 1179648K
  class space    used 14641K, committed 15808K, reserved 1048576K
}
Event: 38.678 GC heap before
{Heap before GC invocations=42 (full 0):
 garbage-first heap   total 220160K, used 204654K [0x0000000080000000, 0x0000000100000000)
  region size 1024K, 71 young (72704K), 3 survivors (3072K)
 Metaspace       used 117240K, committed 119552K, reserved 1179648K
  class space    used 15739K, committed 16896K, reserved 1048576K
}
Event: 38.689 GC heap after
{Heap after GC invocations=43 (full 0):
 garbage-first heap   total 220160K, used 136676K [0x0000000080000000, 0x0000000100000000)
  region size 1024K, 7 young (7168K), 7 survivors (7168K)
 Metaspace       used 117240K, committed 119552K, reserved 1179648K
  class space    used 15739K, committed 16896K, reserved 1048576K
}
Event: 40.077 GC heap before
{Heap before GC invocations=43 (full 0):
 garbage-first heap   total 220160K, used 199140K [0x0000000080000000, 0x0000000100000000)
  region size 1024K, 68 young (69632K), 7 survivors (7168K)
 Metaspace       used 120169K, committed 122432K, reserved 1179648K
  class space    used 16027K, committed 17152K, reserved 1048576K
}
Event: 40.087 GC heap after
{Heap after GC invocations=44 (full 0):
 garbage-first heap   total 220160K, used 140328K [0x0000000080000000, 0x0000000100000000)
  region size 1024K, 8 young (8192K), 8 survivors (8192K)
 Metaspace       used 120169K, committed 122432K, reserved 1179648K
  class space    used 16027K, committed 17152K, reserved 1048576K
}
Event: 43.680 GC heap before
{Heap before GC invocations=45 (full 0):
 garbage-first heap   total 235520K, used 198696K [0x0000000080000000, 0x0000000100000000)
  region size 1024K, 65 young (66560K), 8 survivors (8192K)
 Metaspace       used 127063K, committed 129408K, reserved 1179648K
  class space    used 16817K, committed 17984K, reserved 1048576K
}
Event: 43.689 GC heap after
{Heap after GC invocations=46 (full 0):
 garbage-first heap   total 235520K, used 144465K [0x0000000080000000, 0x0000000100000000)
  region size 1024K, 8 young (8192K), 8 survivors (8192K)
 Metaspace       used 127063K, committed 129408K, reserved 1179648K
  class space    used 16817K, committed 17984K, reserved 1048576K
}
Event: 46.256 GC heap before
{Heap before GC invocations=46 (full 0):
 garbage-first heap   total 235520K, used 214097K [0x0000000080000000, 0x0000000100000000)
  region size 1024K, 76 young (77824K), 8 survivors (8192K)
 Metaspace       used 138346K, committed 140672K, reserved 1179648K
  class space    used 17850K, committed 19008K, reserved 1048576K
}
Event: 46.265 GC heap after
{Heap after GC invocations=47 (full 0):
 garbage-first heap   total 235520K, used 145939K [0x0000000080000000, 0x0000000100000000)
  region size 1024K, 7 young (7168K), 7 survivors (7168K)
 Metaspace       used 138346K, committed 140672K, reserved 1179648K
  class space    used 17850K, committed 19008K, reserved 1048576K
}
Event: 61.670 GC heap before
{Heap before GC invocations=47 (full 0):
 garbage-first heap   total 235520K, used 214547K [0x0000000080000000, 0x0000000100000000)
  region size 1024K, 75 young (76800K), 7 survivors (7168K)
 Metaspace       used 147048K, committed 149440K, reserved 1179648K
  class space    used 18929K, committed 20160K, reserved 1048576K
}
Event: 61.681 GC heap after
{Heap after GC invocations=48 (full 0):
 garbage-first heap   total 235520K, used 152186K [0x0000000080000000, 0x0000000100000000)
  region size 1024K, 9 young (9216K), 9 survivors (9216K)
 Metaspace       used 147048K, committed 149440K, reserved 1179648K
  class space    used 18929K, committed 20160K, reserved 1048576K
}

