# JRE version: OpenJDK Runtime Environment (21.0.6) (build 21.0.6+-13391695-b895.109)
# Java VM: OpenJDK 64-Bit Server VM (21.0.6+-13391695-b895.109, mixed mode, tiered, compressed oops, compressed class ptrs, g1 gc, windows-amd64)
GC Precious Log:
 CardTable entry size: 512
 Card Set container configuration: InlinePtr #cards 5 size 8 Array Of Cards #cards 12 size 40 Howl #buckets 4 coarsen threshold 1843 Howl Bitmap #cards 512 size 80 coarsen threshold 460 Card regions per heap region 1 cards per card region 2048
 CPUs: 8 total, 8 available
 Memory: 7973M
 Large Page Support: Disabled
 NUMA Support: Disabled
 Compressed Oops: Enabled (32-bit)
 Heap Region Size: 1M
 Heap Min Capacity: 8M
 Heap Initial Capacity: 126M
 Heap Max Capacity: 2G
 Pre-touch: Disabled
 Parallel Workers: 8
 Concurrent Workers: 2
 Concurrent Refinement Workers: 8
 Periodic GC: Disabled
Heap:
 garbage-first heap   total 334848K, used 220965K [0x0000000080000000, 0x0000000100000000)
  region size 1024K, 10 young (10240K), 9 survivors (9216K)
 Metaspace       used 150981K, committed 156800K, reserved 1245184K
  class space    used 19229K, committed 21376K, reserved 1048576K
GC Heap History (20 events):
Event: 176.172 GC heap before
{Heap before GC invocations=43 (full 0):
 garbage-first heap   total 281600K, used 257351K [0x0000000080000000, 0x0000000100000000)
  region size 1024K, 92 young (94208K), 8 survivors (8192K)
 Metaspace       used 125488K, committed 127808K, reserved 1179648K
  class space    used 16761K, committed 17920K, reserved 1048576K
}
Event: 176.180 GC heap after
{Heap after GC invocations=44 (full 0):
 garbage-first heap   total 281600K, used 174049K [0x0000000080000000, 0x0000000100000000)
  region size 1024K, 8 young (8192K), 8 survivors (8192K)
 Metaspace       used 125488K, committed 127808K, reserved 1179648K
  class space    used 16761K, committed 17920K, reserved 1048576K
}
Event: 187.691 GC heap before
{Heap before GC invocations=45 (full 0):
 garbage-first heap   total 291840K, used 258017K [0x0000000080000000, 0x0000000100000000)
  region size 1024K, 89 young (91136K), 8 survivors (8192K)
 Metaspace       used 128439K, committed 130816K, reserved 1179648K
  class space    used 17034K, committed 18240K, reserved 1048576K
}
Event: 187.698 GC heap after
{Heap after GC invocations=46 (full 0):
 garbage-first heap   total 291840K, used 177227K [0x0000000080000000, 0x0000000100000000)
  region size 1024K, 8 young (8192K), 8 survivors (8192K)
 Metaspace       used 128439K, committed 130816K, reserved 1179648K
  class space    used 17034K, committed 18240K, reserved 1048576K
}
Event: 191.954 GC heap before
{Heap before GC invocations=46 (full 0):
 garbage-first heap   total 291840K, used 267339K [0x0000000080000000, 0x0000000100000000)
  region size 1024K, 96 young (98304K), 8 survivors (8192K)
 Metaspace       used 137258K, committed 139776K, reserved 1179648K
  class space    used 18217K, committed 19520K, reserved 1048576K
}
Event: 191.963 GC heap after
{Heap after GC invocations=47 (full 0):
 garbage-first heap   total 291840K, used 179870K [0x0000000080000000, 0x0000000100000000)
  region size 1024K, 10 young (10240K), 10 survivors (10240K)
 Metaspace       used 137258K, committed 139776K, reserved 1179648K
  class space    used 18217K, committed 19520K, reserved 1048576K
}
Event: 206.465 GC heap before
{Heap before GC invocations=47 (full 0):
 garbage-first heap   total 291840K, used 264862K [0x0000000080000000, 0x0000000100000000)
  region size 1024K, 93 young (95232K), 10 survivors (10240K)
 Metaspace       used 138656K, committed 141184K, reserved 1179648K
  class space    used 18363K, committed 19648K, reserved 1048576K
}
Event: 206.476 GC heap after
{Heap after GC invocations=48 (full 0):
 garbage-first heap   total 291840K, used 185500K [0x0000000080000000, 0x0000000100000000)
  region size 1024K, 12 young (12288K), 12 survivors (12288K)
 Metaspace       used 138656K, committed 141184K, reserved 1179648K
  class space    used 18363K, committed 19648K, reserved 1048576K
}
Event: 215.692 GC heap before
{Heap before GC invocations=49 (full 0):
 garbage-first heap   total 311296K, used 261276K [0x0000000080000000, 0x0000000100000000)
  region size 1024K, 87 young (89088K), 12 survivors (12288K)
 Metaspace       used 139163K, committed 141632K, reserved 1179648K
  class space    used 18412K, committed 19648K, reserved 1048576K
}
Event: 215.703 GC heap after
{Heap after GC invocations=50 (full 0):
 garbage-first heap   total 311296K, used 189802K [0x0000000080000000, 0x0000000100000000)
  region size 1024K, 7 young (7168K), 7 survivors (7168K)
 Metaspace       used 139163K, committed 141632K, reserved 1179648K
  class space    used 18412K, committed 19648K, reserved 1048576K
}
Event: 219.590 GC heap before
{Heap before GC invocations=50 (full 0):
 garbage-first heap   total 311296K, used 286058K [0x0000000080000000, 0x0000000100000000)
  region size 1024K, 102 young (104448K), 7 survivors (7168K)
 Metaspace       used 145719K, committed 148224K, reserved 1179648K
  class space    used 19191K, committed 20480K, reserved 1048576K
}
Event: 219.603 GC heap after
{Heap after GC invocations=51 (full 0):
 garbage-first heap   total 311296K, used 197632K [0x0000000080000000, 0x0000000100000000)
  region size 1024K, 13 young (13312K), 13 survivors (13312K)
 Metaspace       used 145719K, committed 148224K, reserved 1179648K
  class space    used 19191K, committed 20480K, reserved 1048576K
}
Event: 1783.686 GC heap before
{Heap before GC invocations=51 (full 0):
 garbage-first heap   total 311296K, used 280575K [0x0000000080000000, 0x0000000100000000)
  region size 1024K, 95 young (97280K), 13 survivors (13312K)
 Metaspace       used 151198K, committed 153792K, reserved 1245184K
  class space    used 19647K, committed 20928K, reserved 1048576K
}
Event: 1783.790 GC heap after
{Heap after GC invocations=52 (full 0):
 garbage-first heap   total 311296K, used 200577K [0x0000000080000000, 0x0000000100000000)
  region size 1024K, 2 young (2048K), 2 survivors (2048K)
 Metaspace       used 151198K, committed 153792K, reserved 1245184K
  class space    used 19647K, committed 20928K, reserved 1048576K
}
Event: 3491.554 GC heap before
{Heap before GC invocations=53 (full 0):
 garbage-first heap   total 334848K, used 291713K [0x0000000080000000, 0x0000000100000000)
  region size 1024K, 91 young (93184K), 2 survivors (2048K)
 Metaspace       used 151489K, committed 154112K, reserved 1245184K
  class space    used 19664K, committed 20992K, reserved 1048576K
}
Event: 3491.562 GC heap after
{Heap after GC invocations=54 (full 0):
 garbage-first heap   total 334848K, used 203572K [0x0000000080000000, 0x0000000100000000)
  region size 1024K, 5 young (5120K), 5 survivors (5120K)
 Metaspace       used 151489K, committed 154112K, reserved 1245184K
  class space    used 19664K, committed 20992K, reserved 1048576K
}
Event: 3518.191 GC heap before
{Heap before GC invocations=54 (full 0):
 garbage-first heap   total 334848K, used 311092K [0x0000000080000000, 0x0000000100000000)
  region size 1024K, 111 young (113664K), 5 survivors (5120K)
 Metaspace       used 151983K, committed 154560K, reserved 1245184K
  class space    used 19669K, committed 20992K, reserved 1048576K
}
Event: 3518.209 GC heap after
{Heap after GC invocations=55 (full 0):
 garbage-first heap   total 334848K, used 212385K [0x0000000080000000, 0x0000000100000000)
  region size 1024K, 14 young (14336K), 14 survivors (14336K)
 Metaspace       used 151983K, committed 154560K, reserved 1245184K
  class space    used 19669K, committed 20992K, reserved 1048576K
}
Event: 3934.172 GC heap before
{Heap before GC invocations=55 (full 0):
 garbage-first heap   total 334848K, used 301473K [0x0000000080000000, 0x0000000100000000)
  region size 1024K, 102 young (104448K), 14 survivors (14336K)
 Metaspace       used 154039K, committed 156736K, reserved 1245184K
  class space    used 19942K, committed 21376K, reserved 1048576K
}
Event: 3934.192 GC heap after
{Heap after GC invocations=56 (full 0):
 garbage-first heap   total 334848K, used 220965K [0x0000000080000000, 0x0000000100000000)
  region size 1024K, 9 young (9216K), 9 survivors (9216K)
 Metaspace       used 154039K, committed 156736K, reserved 1245184K
  class space    used 19942K, committed 21376K, reserved 1048576K
}

