# JRE version: OpenJDK Runtime Environment (21.0.6) (build 21.0.6+-13391695-b895.109)
# Java VM: OpenJDK 64-Bit Server VM (21.0.6+-13391695-b895.109, mixed mode, tiered, compressed oops, compressed class ptrs, g1 gc, windows-amd64)
GC Precious Log:
 CardTable entry size: 512
 Card Set container configuration: InlinePtr #cards 5 size 8 Array Of Cards #cards 12 size 40 Howl #buckets 4 coarsen threshold 1843 Howl Bitmap #cards 512 size 80 coarsen threshold 460 Card regions per heap region 1 cards per card region 2048
 CPUs: 8 total, 8 available
 Memory: 7973M
 Large Page Support: Disabled
 NUMA Support: Disabled
 Compressed Oops: Enabled (32-bit)
 Heap Region Size: 1M
 Heap Min Capacity: 8M
 Heap Initial Capacity: 126M
 Heap Max Capacity: 2G
 Pre-touch: Disabled
 Parallel Workers: 8
 Concurrent Workers: 2
 Concurrent Refinement Workers: 8
 Periodic GC: Disabled
Heap:
 garbage-first heap   total 258048K, used 159354K [0x0000000080000000, 0x0000000100000000)
  region size 1024K, 13 young (13312K), 6 survivors (6144K)
 Metaspace       used 105830K, committed 108032K, reserved 1179648K
  class space    used 14172K, committed 15296K, reserved 1048576K
GC Heap History (20 events):
Event: 79.131 GC heap before
{Heap before GC invocations=34 (full 0):
 garbage-first heap   total 174080K, used 159744K [0x0000000080000000, 0x0000000100000000)
  region size 1024K, 56 young (57344K), 5 survivors (5120K)
 Metaspace       used 80681K, committed 82560K, reserved 1179648K
  class space    used 10966K, committed 11904K, reserved 1048576K
}
Event: 79.140 GC heap after
{Heap after GC invocations=35 (full 0):
 garbage-first heap   total 174080K, used 109002K [0x0000000080000000, 0x0000000100000000)
  region size 1024K, 7 young (7168K), 7 survivors (7168K)
 Metaspace       used 80681K, committed 82560K, reserved 1179648K
  class space    used 10966K, committed 11904K, reserved 1048576K
}
Event: 80.439 GC heap before
{Heap before GC invocations=35 (full 0):
 garbage-first heap   total 174080K, used 156106K [0x0000000080000000, 0x0000000100000000)
  region size 1024K, 54 young (55296K), 7 survivors (7168K)
 Metaspace       used 81040K, committed 82944K, reserved 1179648K
  class space    used 10967K, committed 11904K, reserved 1048576K
}
Event: 80.446 GC heap after
{Heap after GC invocations=36 (full 0):
 garbage-first heap   total 174080K, used 113428K [0x0000000080000000, 0x0000000100000000)
  region size 1024K, 5 young (5120K), 5 survivors (5120K)
 Metaspace       used 81040K, committed 82944K, reserved 1179648K
  class space    used 10967K, committed 11904K, reserved 1048576K
}
Event: 86.499 GC heap before
{Heap before GC invocations=37 (full 0):
 garbage-first heap   total 191488K, used 156436K [0x0000000080000000, 0x0000000100000000)
  region size 1024K, 48 young (49152K), 5 survivors (5120K)
 Metaspace       used 81098K, committed 82944K, reserved 1179648K
  class space    used 10959K, committed 11904K, reserved 1048576K
}
Event: 86.503 GC heap after
{Heap after GC invocations=38 (full 0):
 garbage-first heap   total 191488K, used 112367K [0x0000000080000000, 0x0000000100000000)
  region size 1024K, 2 young (2048K), 2 survivors (2048K)
 Metaspace       used 81098K, committed 82944K, reserved 1179648K
  class space    used 10959K, committed 11904K, reserved 1048576K
}
Event: 94.215 GC heap before
{Heap before GC invocations=38 (full 0):
 garbage-first heap   total 191488K, used 176879K [0x0000000080000000, 0x0000000100000000)
  region size 1024K, 66 young (67584K), 2 survivors (2048K)
 Metaspace       used 81788K, committed 83584K, reserved 1179648K
  class space    used 11048K, committed 11968K, reserved 1048576K
}
Event: 94.220 GC heap after
{Heap after GC invocations=39 (full 0):
 garbage-first heap   total 191488K, used 115257K [0x0000000080000000, 0x0000000100000000)
  region size 1024K, 6 young (6144K), 6 survivors (6144K)
 Metaspace       used 81788K, committed 83584K, reserved 1179648K
  class space    used 11048K, committed 11968K, reserved 1048576K
}
Event: 126.467 GC heap before
{Heap before GC invocations=39 (full 0):
 garbage-first heap   total 191488K, used 186937K [0x0000000080000000, 0x0000000100000000)
  region size 1024K, 63 young (64512K), 6 survivors (6144K)
 Metaspace       used 84978K, committed 86912K, reserved 1179648K
  class space    used 11436K, committed 12416K, reserved 1048576K
}
Event: 126.475 GC heap after
{Heap after GC invocations=40 (full 0):
 garbage-first heap   total 201728K, used 133755K [0x0000000080000000, 0x0000000100000000)
  region size 1024K, 8 young (8192K), 8 survivors (8192K)
 Metaspace       used 84978K, committed 86912K, reserved 1179648K
  class space    used 11436K, committed 12416K, reserved 1048576K
}
Event: 137.651 GC heap before
{Heap before GC invocations=40 (full 0):
 garbage-first heap   total 201728K, used 181883K [0x0000000080000000, 0x0000000100000000)
  region size 1024K, 55 young (56320K), 8 survivors (8192K)
 Metaspace       used 89942K, committed 91904K, reserved 1179648K
  class space    used 12074K, committed 13056K, reserved 1048576K
}
Event: 137.656 GC heap after
{Heap after GC invocations=41 (full 0):
 garbage-first heap   total 201728K, used 135714K [0x0000000080000000, 0x0000000100000000)
  region size 1024K, 3 young (3072K), 3 survivors (3072K)
 Metaspace       used 89942K, committed 91904K, reserved 1179648K
  class space    used 12074K, committed 13056K, reserved 1048576K
}
Event: 143.204 GC heap before
{Heap before GC invocations=42 (full 0):
 garbage-first heap   total 229376K, used 189986K [0x0000000080000000, 0x0000000100000000)
  region size 1024K, 51 young (52224K), 3 survivors (3072K)
 Metaspace       used 93533K, committed 95552K, reserved 1179648K
  class space    used 12543K, committed 13568K, reserved 1048576K
}
Event: 143.211 GC heap after
{Heap after GC invocations=43 (full 0):
 garbage-first heap   total 229376K, used 141904K [0x0000000080000000, 0x0000000100000000)
  region size 1024K, 7 young (7168K), 7 survivors (7168K)
 Metaspace       used 93533K, committed 95552K, reserved 1179648K
  class space    used 12543K, committed 13568K, reserved 1048576K
}
Event: 153.342 GC heap before
{Heap before GC invocations=43 (full 0):
 garbage-first heap   total 229376K, used 212560K [0x0000000080000000, 0x0000000100000000)
  region size 1024K, 73 young (74752K), 7 survivors (7168K)
 Metaspace       used 99574K, committed 101696K, reserved 1179648K
  class space    used 13317K, committed 14400K, reserved 1048576K
}
Event: 153.353 GC heap after
{Heap after GC invocations=44 (full 0):
 garbage-first heap   total 229376K, used 148602K [0x0000000080000000, 0x0000000100000000)
  region size 1024K, 4 young (4096K), 4 survivors (4096K)
 Metaspace       used 99574K, committed 101696K, reserved 1179648K
  class space    used 13317K, committed 14400K, reserved 1048576K
}
Event: 167.094 GC heap before
{Heap before GC invocations=44 (full 0):
 garbage-first heap   total 229376K, used 212090K [0x0000000080000000, 0x0000000100000000)
  region size 1024K, 66 young (67584K), 4 survivors (4096K)
 Metaspace       used 103442K, committed 105536K, reserved 1179648K
  class space    used 13858K, committed 14912K, reserved 1048576K
}
Event: 167.100 GC heap after
{Heap after GC invocations=45 (full 0):
 garbage-first heap   total 229376K, used 151494K [0x0000000080000000, 0x0000000100000000)
  region size 1024K, 7 young (7168K), 7 survivors (7168K)
 Metaspace       used 103442K, committed 105536K, reserved 1179648K
  class space    used 13858K, committed 14912K, reserved 1048576K
}
Event: 197.623 GC heap before
{Heap before GC invocations=45 (full 0):
 garbage-first heap   total 229376K, used 209862K [0x0000000080000000, 0x0000000100000000)
  region size 1024K, 64 young (65536K), 7 survivors (7168K)
 Metaspace       used 105389K, committed 107584K, reserved 1179648K
  class space    used 14098K, committed 15232K, reserved 1048576K
}
Event: 197.631 GC heap after
{Heap after GC invocations=46 (full 0):
 garbage-first heap   total 229376K, used 153210K [0x0000000080000000, 0x0000000100000000)
  region size 1024K, 6 young (6144K), 6 survivors (6144K)
 Metaspace       used 105389K, committed 107584K, reserved 1179648K
  class space    used 14098K, committed 15232K, reserved 1048576K
}

