# JRE version: OpenJDK Runtime Environment (21.0.6) (build 21.0.6+-13391695-b895.109)
# Java VM: OpenJDK 64-Bit Server VM (21.0.6+-13391695-b895.109, mixed mode, tiered, compressed oops, compressed class ptrs, g1 gc, windows-amd64)
GC Precious Log:
 CardTable entry size: 512
 Card Set container configuration: InlinePtr #cards 5 size 8 Array Of Cards #cards 12 size 40 Howl #buckets 4 coarsen threshold 1843 Howl Bitmap #cards 512 size 80 coarsen threshold 460 Card regions per heap region 1 cards per card region 2048
 CPUs: 8 total, 8 available
 Memory: 7973M
 Large Page Support: Disabled
 NUMA Support: Disabled
 Compressed Oops: Enabled (32-bit)
 Heap Region Size: 1M
 Heap Min Capacity: 8M
 Heap Initial Capacity: 126M
 Heap Max Capacity: 2G
 Pre-touch: Disabled
 Parallel Workers: 8
 Concurrent Workers: 2
 Concurrent Refinement Workers: 8
 Periodic GC: Disabled
Heap:
 garbage-first heap   total 86016K, used 71889K [0x0000000080000000, 0x0000000100000000)
  region size 1024K, 13 young (13312K), 1 survivors (1024K)
 Metaspace       used 40708K, committed 41728K, reserved 1114112K
  class space    used 5565K, committed 6080K, reserved 1048576K
GC Heap History (18 events):
Event: 1.495 GC heap before
{Heap before GC invocations=0 (full 0):
 garbage-first heap   total 129024K, used 22528K [0x0000000080000000, 0x0000000100000000)
  region size 1024K, 23 young (23552K), 0 survivors (0K)
 Metaspace       used 7999K, committed 8128K, reserved 1114112K
  class space    used 712K, committed 768K, reserved 1048576K
}
Event: 1.499 GC heap after
{Heap after GC invocations=1 (full 0):
 garbage-first heap   total 129024K, used 2645K [0x0000000080000000, 0x0000000100000000)
  region size 1024K, 3 young (3072K), 3 survivors (3072K)
 Metaspace       used 7999K, committed 8128K, reserved 1114112K
  class space    used 712K, committed 768K, reserved 1048576K
}
Event: 3.369 GC heap before
{Heap before GC invocations=1 (full 0):
 garbage-first heap   total 129024K, used 40533K [0x0000000080000000, 0x0000000100000000)
  region size 1024K, 38 young (38912K), 3 survivors (3072K)
 Metaspace       used 12220K, committed 12480K, reserved 1114112K
  class space    used 1287K, committed 1408K, reserved 1048576K
}
Event: 3.378 GC heap after
{Heap after GC invocations=2 (full 0):
 garbage-first heap   total 129024K, used 11041K [0x0000000080000000, 0x0000000100000000)
  region size 1024K, 5 young (5120K), 5 survivors (5120K)
 Metaspace       used 12220K, committed 12480K, reserved 1114112K
  class space    used 1287K, committed 1408K, reserved 1048576K
}
Event: 4.603 GC heap before
{Heap before GC invocations=2 (full 0):
 garbage-first heap   total 129024K, used 61217K [0x0000000080000000, 0x0000000100000000)
  region size 1024K, 52 young (53248K), 5 survivors (5120K)
 Metaspace       used 14836K, committed 15104K, reserved 1114112K
  class space    used 1617K, committed 1792K, reserved 1048576K
}
Event: 4.616 GC heap after
{Heap after GC invocations=3 (full 0):
 garbage-first heap   total 129024K, used 18630K [0x0000000080000000, 0x0000000100000000)
  region size 1024K, 6 young (6144K), 6 survivors (6144K)
 Metaspace       used 14836K, committed 15104K, reserved 1114112K
  class space    used 1617K, committed 1792K, reserved 1048576K
}
Event: 5.946 GC heap before
{Heap before GC invocations=3 (full 0):
 garbage-first heap   total 129024K, used 38086K [0x0000000080000000, 0x0000000100000000)
  region size 1024K, 26 young (26624K), 6 survivors (6144K)
 Metaspace       used 21165K, committed 21504K, reserved 1114112K
  class space    used 2414K, committed 2624K, reserved 1048576K
}
Event: 5.952 GC heap after
{Heap after GC invocations=4 (full 0):
 garbage-first heap   total 129024K, used 20878K [0x0000000080000000, 0x0000000100000000)
  region size 1024K, 3 young (3072K), 3 survivors (3072K)
 Metaspace       used 21165K, committed 21504K, reserved 1114112K
  class space    used 2414K, committed 2624K, reserved 1048576K
}
Event: 9.749 GC heap before
{Heap before GC invocations=5 (full 0):
 garbage-first heap   total 71680K, used 70030K [0x0000000080000000, 0x0000000100000000)
  region size 1024K, 52 young (53248K), 3 survivors (3072K)
 Metaspace       used 29248K, committed 29760K, reserved 1114112K
  class space    used 3689K, committed 3904K, reserved 1048576K
}
Event: 9.761 GC heap after
{Heap after GC invocations=6 (full 0):
 garbage-first heap   total 77824K, used 23729K [0x0000000080000000, 0x0000000100000000)
  region size 1024K, 6 young (6144K), 6 survivors (6144K)
 Metaspace       used 29248K, committed 29760K, reserved 1114112K
  class space    used 3689K, committed 3904K, reserved 1048576K
}
Event: 12.782 GC heap before
{Heap before GC invocations=6 (full 0):
 garbage-first heap   total 77824K, used 61617K [0x0000000080000000, 0x0000000100000000)
  region size 1024K, 43 young (44032K), 6 survivors (6144K)
 Metaspace       used 34087K, committed 34944K, reserved 1114112K
  class space    used 4512K, committed 4928K, reserved 1048576K
}
Event: 12.787 GC heap after
{Heap after GC invocations=7 (full 0):
 garbage-first heap   total 77824K, used 25964K [0x0000000080000000, 0x0000000100000000)
  region size 1024K, 6 young (6144K), 6 survivors (6144K)
 Metaspace       used 34087K, committed 34944K, reserved 1114112K
  class space    used 4512K, committed 4928K, reserved 1048576K
}
Event: 14.141 GC heap before
{Heap before GC invocations=7 (full 0):
 garbage-first heap   total 77824K, used 31084K [0x0000000080000000, 0x0000000100000000)
  region size 1024K, 13 young (13312K), 6 survivors (6144K)
 Metaspace       used 35111K, committed 35968K, reserved 1114112K
  class space    used 4694K, committed 5120K, reserved 1048576K
}
Event: 14.146 GC heap after
{Heap after GC invocations=8 (full 0):
 garbage-first heap   total 77824K, used 26029K [0x0000000080000000, 0x0000000100000000)
  region size 1024K, 3 young (3072K), 3 survivors (3072K)
 Metaspace       used 35111K, committed 35968K, reserved 1114112K
  class space    used 4694K, committed 5120K, reserved 1048576K
}
Event: 16.036 GC heap before
{Heap before GC invocations=9 (full 0):
 garbage-first heap   total 77824K, used 76205K [0x0000000080000000, 0x0000000100000000)
  region size 1024K, 25 young (25600K), 3 survivors (3072K)
 Metaspace       used 37131K, committed 38080K, reserved 1114112K
  class space    used 5030K, committed 5504K, reserved 1048576K
}
Event: 16.042 GC heap after
{Heap after GC invocations=10 (full 0):
 garbage-first heap   total 86016K, used 59979K [0x0000000080000000, 0x0000000100000000)
  region size 1024K, 6 young (6144K), 6 survivors (6144K)
 Metaspace       used 37131K, committed 38080K, reserved 1114112K
  class space    used 5030K, committed 5504K, reserved 1048576K
}
Event: 17.115 GC heap before
{Heap before GC invocations=10 (full 0):
 garbage-first heap   total 86016K, used 74315K [0x0000000080000000, 0x0000000100000000)
  region size 1024K, 20 young (20480K), 6 survivors (6144K)
 Metaspace       used 38977K, committed 39936K, reserved 1114112K
  class space    used 5287K, committed 5760K, reserved 1048576K
}
Event: 17.120 GC heap after
{Heap after GC invocations=11 (full 0):
 garbage-first heap   total 86016K, used 60625K [0x0000000080000000, 0x0000000100000000)
  region size 1024K, 1 young (1024K), 1 survivors (1024K)
 Metaspace       used 38977K, committed 39936K, reserved 1114112K
  class space    used 5287K, committed 5760K, reserved 1048576K
}

