# JRE version: OpenJDK Runtime Environment (21.0.6) (build 21.0.6+-13391695-b895.109)
# Java VM: OpenJDK 64-Bit Server VM (21.0.6+-13391695-b895.109, mixed mode, tiered, compressed oops, compressed class ptrs, g1 gc, windows-amd64)
GC Precious Log:
 CardTable entry size: 512
 Card Set container configuration: InlinePtr #cards 5 size 8 Array Of Cards #cards 12 size 40 Howl #buckets 4 coarsen threshold 1843 Howl Bitmap #cards 512 size 80 coarsen threshold 460 Card regions per heap region 1 cards per card region 2048
 CPUs: 8 total, 8 available
 Memory: 7973M
 Large Page Support: Disabled
 NUMA Support: Disabled
 Compressed Oops: Enabled (32-bit)
 Heap Region Size: 1M
 Heap Min Capacity: 8M
 Heap Initial Capacity: 126M
 Heap Max Capacity: 2G
 Pre-touch: Disabled
 Parallel Workers: 8
 Concurrent Workers: 2
 Concurrent Refinement Workers: 8
 Periodic GC: Disabled
Heap:
 garbage-first heap   total 87040K, used 74443K [0x0000000080000000, 0x0000000100000000)
  region size 1024K, 15 young (15360K), 1 survivors (1024K)
 Metaspace       used 41059K, committed 41984K, reserved 1114112K
  class space    used 5610K, committed 6080K, reserved 1048576K
GC Heap History (18 events):
Event: 1.454 GC heap before
{Heap before GC invocations=0 (full 0):
 garbage-first heap   total 129024K, used 22528K [0x0000000080000000, 0x0000000100000000)
  region size 1024K, 23 young (23552K), 0 survivors (0K)
 Metaspace       used 7990K, committed 8128K, reserved 1114112K
  class space    used 712K, committed 768K, reserved 1048576K
}
Event: 1.459 GC heap after
{Heap after GC invocations=1 (full 0):
 garbage-first heap   total 129024K, used 2645K [0x0000000080000000, 0x0000000100000000)
  region size 1024K, 3 young (3072K), 3 survivors (3072K)
 Metaspace       used 7990K, committed 8128K, reserved 1114112K
  class space    used 712K, committed 768K, reserved 1048576K
}
Event: 3.379 GC heap before
{Heap before GC invocations=1 (full 0):
 garbage-first heap   total 129024K, used 40533K [0x0000000080000000, 0x0000000100000000)
  region size 1024K, 38 young (38912K), 3 survivors (3072K)
 Metaspace       used 12214K, committed 12480K, reserved 1114112K
  class space    used 1285K, committed 1408K, reserved 1048576K
}
Event: 3.387 GC heap after
{Heap after GC invocations=2 (full 0):
 garbage-first heap   total 129024K, used 11099K [0x0000000080000000, 0x0000000100000000)
  region size 1024K, 5 young (5120K), 5 survivors (5120K)
 Metaspace       used 12214K, committed 12480K, reserved 1114112K
  class space    used 1285K, committed 1408K, reserved 1048576K
}
Event: 4.579 GC heap before
{Heap before GC invocations=2 (full 0):
 garbage-first heap   total 129024K, used 61275K [0x0000000080000000, 0x0000000100000000)
  region size 1024K, 52 young (53248K), 5 survivors (5120K)
 Metaspace       used 14806K, committed 15104K, reserved 1114112K
  class space    used 1616K, committed 1792K, reserved 1048576K
}
Event: 4.593 GC heap after
{Heap after GC invocations=3 (full 0):
 garbage-first heap   total 129024K, used 18252K [0x0000000080000000, 0x0000000100000000)
  region size 1024K, 6 young (6144K), 6 survivors (6144K)
 Metaspace       used 14806K, committed 15104K, reserved 1114112K
  class space    used 1616K, committed 1792K, reserved 1048576K
}
Event: 5.811 GC heap before
{Heap before GC invocations=3 (full 0):
 garbage-first heap   total 129024K, used 37708K [0x0000000080000000, 0x0000000100000000)
  region size 1024K, 27 young (27648K), 6 survivors (6144K)
 Metaspace       used 21130K, committed 21504K, reserved 1114112K
  class space    used 2411K, committed 2624K, reserved 1048576K
}
Event: 5.818 GC heap after
{Heap after GC invocations=4 (full 0):
 garbage-first heap   total 129024K, used 20538K [0x0000000080000000, 0x0000000100000000)
  region size 1024K, 3 young (3072K), 3 survivors (3072K)
 Metaspace       used 21130K, committed 21504K, reserved 1114112K
  class space    used 2411K, committed 2624K, reserved 1048576K
}
Event: 9.676 GC heap before
{Heap before GC invocations=5 (full 0):
 garbage-first heap   total 71680K, used 69690K [0x0000000080000000, 0x0000000100000000)
  region size 1024K, 52 young (53248K), 3 survivors (3072K)
 Metaspace       used 29136K, committed 29696K, reserved 1114112K
  class space    used 3668K, committed 3968K, reserved 1048576K
}
Event: 9.683 GC heap after
{Heap after GC invocations=6 (full 0):
 garbage-first heap   total 77824K, used 23429K [0x0000000080000000, 0x0000000100000000)
  region size 1024K, 6 young (6144K), 6 survivors (6144K)
 Metaspace       used 29136K, committed 29696K, reserved 1114112K
  class space    used 3668K, committed 3968K, reserved 1048576K
}
Event: 12.789 GC heap before
{Heap before GC invocations=6 (full 0):
 garbage-first heap   total 77824K, used 61317K [0x0000000080000000, 0x0000000100000000)
  region size 1024K, 43 young (44032K), 6 survivors (6144K)
 Metaspace       used 34073K, committed 34880K, reserved 1114112K
  class space    used 4504K, committed 4928K, reserved 1048576K
}
Event: 12.795 GC heap after
{Heap after GC invocations=7 (full 0):
 garbage-first heap   total 77824K, used 25475K [0x0000000080000000, 0x0000000100000000)
  region size 1024K, 6 young (6144K), 6 survivors (6144K)
 Metaspace       used 34073K, committed 34880K, reserved 1114112K
  class space    used 4504K, committed 4928K, reserved 1048576K
}
Event: 14.437 GC heap before
{Heap before GC invocations=7 (full 0):
 garbage-first heap   total 77824K, used 31619K [0x0000000080000000, 0x0000000100000000)
  region size 1024K, 13 young (13312K), 6 survivors (6144K)
 Metaspace       used 35128K, committed 35968K, reserved 1114112K
  class space    used 4694K, committed 5120K, reserved 1048576K
}
Event: 14.442 GC heap after
{Heap after GC invocations=8 (full 0):
 garbage-first heap   total 77824K, used 26363K [0x0000000080000000, 0x0000000100000000)
  region size 1024K, 4 young (4096K), 4 survivors (4096K)
 Metaspace       used 35128K, committed 35968K, reserved 1114112K
  class space    used 4694K, committed 5120K, reserved 1048576K
}
Event: 15.991 GC heap before
{Heap before GC invocations=9 (full 0):
 garbage-first heap   total 77824K, used 75515K [0x0000000080000000, 0x0000000100000000)
  region size 1024K, 25 young (25600K), 4 survivors (4096K)
 Metaspace       used 36932K, committed 37888K, reserved 1114112K
  class space    used 5011K, committed 5504K, reserved 1048576K
}
Event: 15.999 GC heap after
{Heap after GC invocations=10 (full 0):
 garbage-first heap   total 87040K, used 60669K [0x0000000080000000, 0x0000000100000000)
  region size 1024K, 6 young (6144K), 6 survivors (6144K)
 Metaspace       used 36932K, committed 37888K, reserved 1114112K
  class space    used 5011K, committed 5504K, reserved 1048576K
}
Event: 17.100 GC heap before
{Heap before GC invocations=10 (full 0):
 garbage-first heap   total 87040K, used 75005K [0x0000000080000000, 0x0000000100000000)
  region size 1024K, 20 young (20480K), 6 survivors (6144K)
 Metaspace       used 38947K, committed 39936K, reserved 1114112K
  class space    used 5275K, committed 5760K, reserved 1048576K
}
Event: 17.103 GC heap after
{Heap after GC invocations=11 (full 0):
 garbage-first heap   total 87040K, used 61131K [0x0000000080000000, 0x0000000100000000)
  region size 1024K, 1 young (1024K), 1 survivors (1024K)
 Metaspace       used 38947K, committed 39936K, reserved 1114112K
  class space    used 5275K, committed 5760K, reserved 1048576K
}

